Using pre-set license
Built from '2020.3/staging' branch; Version is '2020.3.17f1 (a4537701e4ab) revision 10769271'; Using compiler version '192528614'; Build Type 'Release'
OS: 'Windows 10 Pro; OS build 19042.1466; Version 2009; 64bit' Language: 'en' Physical Memory: 16332 MB
BatchMode: 1, IsHumanControllingUs: 0, StartBugReporterOnCrash: 0, Is64bit: 1, IsPro: 0

COMMAND LINE ARGUMENTS:
C:\Users\Julaxe\Documents\dev\Unity\2020.3.17f1\Editor\Unity.exe
-adb2
-batchMode
-noUpm
-name
AssetImportWorker0
-projectPath
C:/Users/Julaxe/Documents/dev/GBC/Semester6/GameEnginesIV/GameEngines-A-ZombieLeague/ZombieLeague
-logFile
Logs/AssetImportWorker0.log
-srvPort
64726
Successfully changed project path to: C:/Users/Julaxe/Documents/dev/GBC/Semester6/GameEnginesIV/GameEngines-A-ZombieLeague/ZombieLeague
C:/Users/Julaxe/Documents/dev/GBC/Semester6/GameEnginesIV/GameEngines-A-ZombieLeague/ZombieLeague
Using Asset Import Pipeline V2.
Refreshing native plugins compatible for Editor in 27.56 ms, found 2 plugins.
Preloading 0 native plugins for Editor in 0.00 ms.
Initialize engine version: 2020.3.17f1 (a4537701e4ab)
[Subsystems] Discovering subsystems at path C:/Users/Julaxe/Documents/dev/Unity/2020.3.17f1/Editor/Data/Resources/UnitySubsystems
[Subsystems] Discovering subsystems at path C:/Users/Julaxe/Documents/dev/GBC/Semester6/GameEnginesIV/GameEngines-A-ZombieLeague/ZombieLeague/Assets
GfxDevice: creating device client; threaded=0
Direct3D:
    Version:  Direct3D 11.0 [level 11.1]
    Renderer: NVIDIA GeForce GTX 1070 (ID=0x1b81)
    Vendor:   
    VRAM:     8088 MB
    Driver:   30.0.14.9729
Initialize mono
Mono path[0] = 'C:/Users/Julaxe/Documents/dev/Unity/2020.3.17f1/Editor/Data/Managed'
Mono path[1] = 'C:/Users/Julaxe/Documents/dev/Unity/2020.3.17f1/Editor/Data/MonoBleedingEdge/lib/mono/unityjit'
Mono config path = 'C:/Users/Julaxe/Documents/dev/Unity/2020.3.17f1/Editor/Data/MonoBleedingEdge/etc'
Using monoOptions --debugger-agent=transport=dt_socket,embedding=1,server=y,suspend=n,address=127.0.0.1:56592
Begin MonoManager ReloadAssembly
Registering precompiled unity dll's ...
Register platform support module: C:/Users/Julaxe/Documents/dev/Unity/2020.3.17f1/Editor/Data/PlaybackEngines/WindowsStandaloneSupport/UnityEditor.WindowsStandalone.Extensions.dll
Registered in 0.001966 seconds.
Native extension for WindowsStandalone target not found
Refreshing native plugins compatible for Editor in 33.16 ms, found 2 plugins.
Preloading 0 native plugins for Editor in 0.00 ms.
Mono: successfully reloaded assembly
- Completed reload, in  1.058 seconds
Domain Reload Profiling:
	ReloadAssembly (1058ms)
		BeginReloadAssembly (51ms)
			ExecutionOrderSort (0ms)
			DisableScriptedObjects (0ms)
			BackupInstance (0ms)
			ReleaseScriptingObjects (0ms)
			CreateAndSetChildDomain (1ms)
		EndReloadAssembly (400ms)
			LoadAssemblies (49ms)
			RebuildTransferFunctionScriptingTraits (0ms)
			SetupTypeCache (138ms)
			ReleaseScriptCaches (0ms)
			RebuildScriptCaches (34ms)
			SetupLoadedEditorAssemblies (165ms)
				LogAssemblyErrors (0ms)
				InitializePlatformSupportModulesInManaged (4ms)
				SetLoadedEditorAssemblies (0ms)
				RefreshPlugins (33ms)
				BeforeProcessingInitializeOnLoad (14ms)
				ProcessInitializeOnLoadAttributes (87ms)
				ProcessInitializeOnLoadMethodAttributes (26ms)
				AfterProcessingInitializeOnLoad (0ms)
				EditorAssembliesLoaded (0ms)
			ExecutionOrderSort2 (0ms)
			AwakeInstancesAfterBackupRestoration (0ms)
Platform modules already initialized, skipping
Registering precompiled user dll's ...
Registered in 0.003839 seconds.
Begin MonoManager ReloadAssembly
Native extension for WindowsStandalone target not found
Refreshing native plugins compatible for Editor in 0.37 ms, found 2 plugins.
Preloading 0 native plugins for Editor in 0.00 ms.
Mono: successfully reloaded assembly
- Completed reload, in  0.980 seconds
Domain Reload Profiling:
	ReloadAssembly (981ms)
		BeginReloadAssembly (132ms)
			ExecutionOrderSort (0ms)
			DisableScriptedObjects (5ms)
			BackupInstance (0ms)
			ReleaseScriptingObjects (0ms)
			CreateAndSetChildDomain (19ms)
		EndReloadAssembly (791ms)
			LoadAssemblies (74ms)
			RebuildTransferFunctionScriptingTraits (0ms)
			SetupTypeCache (230ms)
			ReleaseScriptCaches (1ms)
			RebuildScriptCaches (46ms)
			SetupLoadedEditorAssemblies (357ms)
				LogAssemblyErrors (0ms)
				InitializePlatformSupportModulesInManaged (5ms)
				SetLoadedEditorAssemblies (0ms)
				RefreshPlugins (0ms)
				BeforeProcessingInitializeOnLoad (87ms)
				ProcessInitializeOnLoadAttributes (255ms)
				ProcessInitializeOnLoadMethodAttributes (4ms)
				AfterProcessingInitializeOnLoad (6ms)
				EditorAssembliesLoaded (0ms)
			ExecutionOrderSort2 (0ms)
			AwakeInstancesAfterBackupRestoration (6ms)
Platform modules already initialized, skipping
========================================================================
Worker process is ready to serve import requests
Launched and connected shader compiler UnityShaderCompiler.exe after 0.06 seconds
Refreshing native plugins compatible for Editor in 0.42 ms, found 2 plugins.
Preloading 0 native plugins for Editor in 0.00 ms.
Unloading 1397 Unused Serialized files (Serialized files now loaded: 0)
System memory in use before: 65.3 MB.
System memory in use after: 65.4 MB.

Unloading 18 unused Assets to reduce memory usage. Loaded Objects now: 1830.
Total: 3.056700 ms (FindLiveObjects: 0.239300 ms CreateObjectMapping: 0.032000 ms MarkObjects: 2.708000 ms  DeleteObjects: 0.075700 ms)

AssetImportParameters requested are different than current active one (requested -> active):
  custom:framework-win-MediaFoundation: 216162199b28c13a410421893ffa2e32 -> 
  custom:video-decoder-ogg-theora: a1e56fd34408186e4bbccfd4996cb3dc -> 
  custom:container-muxer-webm: aa71ff27fc2769a1b78a27578f13a17b -> 
  custom:container-demuxer-webm: 4f35f7cbe854078d1ac9338744f61a02 -> 
  custom:container-demuxer-ogg: 62fdf1f143b41e24485cea50d1cbac27 -> 
  custom:video-encoder-webm-vp8: eb34c28f22e8b96e1ab97ce403110664 -> 
  custom:video-decoder-webm-vp8: 9c59270c3fd7afecdb556c50c9e8de78 -> 
  custom:audio-decoder-ogg-vorbis: bf7c407c2cedff20999df2af8eb42d56 -> 
  custom:audio-encoder-webm-vorbis: bf7c407c2cedff20999df2af8eb42d56 -> 
========================================================================
Received Import Request.
  path: Assets/ahri1.fbx
  artifactKey: Guid(1fd5c551fff412a4693308c0986d92aa) Importer(815301076,1909f56bfc062723c751e8b465ee728b)
Start importing Assets/ahri1.fbx using Guid(1fd5c551fff412a4693308c0986d92aa) Importer(815301076,1909f56bfc062723c751e8b465ee728b)  -> (artifact id: 'ff8f5f294f3d6eaa5a5e1f8299b53103') in 0.124330 seconds 
  Import took 0.129368 seconds .

========================================================================
Received Import Request.
  Time since last request: 56.998143 seconds.
  path: Assets/ahri1.fbx
  artifactKey: Guid(1fd5c551fff412a4693308c0986d92aa) Importer(815301076,1909f56bfc062723c751e8b465ee728b)
Start importing Assets/ahri1.fbx using Guid(1fd5c551fff412a4693308c0986d92aa) Importer(815301076,1909f56bfc062723c751e8b465ee728b)  -> (artifact id: '031c8cbb9f0f612713ceb3a7c6526be1') in 0.020567 seconds 
  Import took 0.024054 seconds .

========================================================================
Received Import Request.
  Time since last request: 8.261243 seconds.
  path: Assets/ahri1.fbx
  artifactKey: Guid(1fd5c551fff412a4693308c0986d92aa) Importer(815301076,1909f56bfc062723c751e8b465ee728b)
Start importing Assets/ahri1.fbx using Guid(1fd5c551fff412a4693308c0986d92aa) Importer(815301076,1909f56bfc062723c751e8b465ee728b)  -> (artifact id: '23aa136e498518e1f203ec3d52204a48') in 0.019820 seconds 
  Import took 0.022966 seconds .

========================================================================
Received Import Request.
  Time since last request: 2309.164347 seconds.
  path: Assets/FBX
  artifactKey: Guid(2f3be60cf1686b74d9de1aa96002b3bf) Importer(815301076,1909f56bfc062723c751e8b465ee728b)
Start importing Assets/FBX using Guid(2f3be60cf1686b74d9de1aa96002b3bf) Importer(815301076,1909f56bfc062723c751e8b465ee728b)  -> (artifact id: '0ec48a98a667c3572aedd0ad3cdc62f4') in 0.009022 seconds 
  Import took 0.012156 seconds .

========================================================================
Received Import Request.
  Time since last request: 16.808976 seconds.
  path: Assets/FBX/ahri.blend
  artifactKey: Guid(03a4367f857670542a992d42af91d173) Importer(815301076,1909f56bfc062723c751e8b465ee728b)
Start importing Assets/FBX/ahri.blend using Guid(03a4367f857670542a992d42af91d173) Importer(815301076,1909f56bfc062723c751e8b465ee728b)  -> (artifact id: 'e2d2b04fea030914641aafa1d6a996ec') in 0.323876 seconds 
  Import took 0.327617 seconds .

========================================================================
Received Import Request.
  Time since last request: 279.499505 seconds.
  path: Assets/FBX/ahri2.fbx
  artifactKey: Guid(1ed9496b1ae243b44b247969f82a0c79) Importer(815301076,1909f56bfc062723c751e8b465ee728b)
Start importing Assets/FBX/ahri2.fbx using Guid(1ed9496b1ae243b44b247969f82a0c79) Importer(815301076,1909f56bfc062723c751e8b465ee728b)  -> (artifact id: '40942a2cadd354480ccf5117f8d5c68e') in 0.049220 seconds 
  Import took 0.054281 seconds .

========================================================================
Received Import Request.
  Time since last request: 166.234471 seconds.
  path: Assets/FBX/ahri2.fbx
  artifactKey: Guid(1ed9496b1ae243b44b247969f82a0c79) Importer(815301076,1909f56bfc062723c751e8b465ee728b)
Start importing Assets/FBX/ahri2.fbx using Guid(1ed9496b1ae243b44b247969f82a0c79) Importer(815301076,1909f56bfc062723c751e8b465ee728b)  -> (artifact id: '2e9b422042062605b128d7a72e3ac1a7') in 0.044479 seconds 
  Import took 0.049904 seconds .

========================================================================
Received Import Request.
  Time since last request: 31.006483 seconds.
  path: Assets/FBX/ahri2.fbx
  artifactKey: Guid(1ed9496b1ae243b44b247969f82a0c79) Importer(815301076,1909f56bfc062723c751e8b465ee728b)
Start importing Assets/FBX/ahri2.fbx using Guid(1ed9496b1ae243b44b247969f82a0c79) Importer(815301076,1909f56bfc062723c751e8b465ee728b)  -> (artifact id: 'e3c6773698a31ddeda63e405ba39d7b3') in 0.038896 seconds 
  Import took 0.043963 seconds .

========================================================================
Received Import Request.
  Time since last request: 7.026691 seconds.
  path: Assets/FBX/ahri2.fbx
  artifactKey: Guid(1ed9496b1ae243b44b247969f82a0c79) Importer(815301076,1909f56bfc062723c751e8b465ee728b)
Start importing Assets/FBX/ahri2.fbx using Guid(1ed9496b1ae243b44b247969f82a0c79) Importer(815301076,1909f56bfc062723c751e8b465ee728b)  -> (artifact id: 'faa035fcc180aa7e1c96eb50dd4e1886') in 0.043242 seconds 
  Import took 0.048294 seconds .

========================================================================
Received Import Request.
  Time since last request: 24.111444 seconds.
  path: Assets/FBX/textures
  artifactKey: Guid(2019ab0d34624c44e9253caa301bad9c) Importer(815301076,1909f56bfc062723c751e8b465ee728b)
Start importing Assets/FBX/textures using Guid(2019ab0d34624c44e9253caa301bad9c) Importer(815301076,1909f56bfc062723c751e8b465ee728b)  -> (artifact id: '013010b8923dfab74a3eac84d69c8c66') in 0.007946 seconds 
  Import took 0.011211 seconds .

========================================================================
Received Import Request.
  Time since last request: 0.777783 seconds.
  path: Assets/FBX/textures/skin0.png
  artifactKey: Guid(0f63f69e621c5ac48b5abbc6be232cf3) Importer(815301076,1909f56bfc062723c751e8b465ee728b)
Start importing Assets/FBX/textures/skin0.png using Guid(0f63f69e621c5ac48b5abbc6be232cf3) Importer(815301076,1909f56bfc062723c751e8b465ee728b)  -> (artifact id: '897718facc7629a4f971d326afd26f87') in 0.020858 seconds 
  Import took 0.023951 seconds .

========================================================================
Received Import Request.
  Time since last request: 403.656370 seconds.
  path: Assets/FBX/ahri3.fbx
  artifactKey: Guid(1d4a24719c5afed469e78ac56d094a2a) Importer(815301076,1909f56bfc062723c751e8b465ee728b)
Start importing Assets/FBX/ahri3.fbx using Guid(1d4a24719c5afed469e78ac56d094a2a) Importer(815301076,1909f56bfc062723c751e8b465ee728b)  -> (artifact id: 'e1fb1cd7fb252dcd4c977796c52235df') in 0.025846 seconds 
  Import took 0.029042 seconds .

========================================================================
Received Import Request.
  Time since last request: 95.053514 seconds.
  path: Assets/FBX/ahri.blend
  artifactKey: Guid(03a4367f857670542a992d42af91d173) Importer(815301076,1909f56bfc062723c751e8b465ee728b)
Start importing Assets/FBX/ahri.blend using Guid(03a4367f857670542a992d42af91d173) Importer(815301076,1909f56bfc062723c751e8b465ee728b)  -> (artifact id: '086be3b4571b0042b4622ea0b9c8fd42') in 0.045775 seconds 
  Import took 0.049941 seconds .

========================================================================
Received Import Request.
  Time since last request: 46.034983 seconds.
  path: Assets/FBX/ahri.blend
  artifactKey: Guid(03a4367f857670542a992d42af91d173) Importer(815301076,1909f56bfc062723c751e8b465ee728b)
Start importing Assets/FBX/ahri.blend using Guid(03a4367f857670542a992d42af91d173) Importer(815301076,1909f56bfc062723c751e8b465ee728b)  -> (artifact id: 'd47cc04279ff1d3669069c4aff220f09') in 0.027262 seconds 
  Import took 0.030564 seconds .

========================================================================
Received Import Request.
  Time since last request: 0.000200 seconds.
  path: Assets/FBX/gumiho_base_body_MD_dfddd3.mat
  artifactKey: Guid(7419f9f46d8412b46bc0910e525febdc) Importer(815301076,1909f56bfc062723c751e8b465ee728b)
Start importing Assets/FBX/gumiho_base_body_MD_dfddd3.mat using Guid(7419f9f46d8412b46bc0910e525febdc) Importer(815301076,1909f56bfc062723c751e8b465ee728b)  -> (artifact id: '957fd74b2c363ba123124b5e3d3999d8') in 0.013718 seconds 
  Import took 0.016114 seconds .

========================================================================
Received Import Request.
  Time since last request: 37.191151 seconds.
  path: Assets/FBX/ahri.blend
  artifactKey: Guid(03a4367f857670542a992d42af91d173) Importer(815301076,1909f56bfc062723c751e8b465ee728b)
Start importing Assets/FBX/ahri.blend using Guid(03a4367f857670542a992d42af91d173) Importer(815301076,1909f56bfc062723c751e8b465ee728b)  -> (artifact id: '95af18c59777835c089085b551325d40') in 0.025933 seconds 
  Import took 0.028947 seconds .

========================================================================
Received Import Request.
  Time since last request: 26.302619 seconds.
  path: Assets/FBX/ahri.blend
  artifactKey: Guid(03a4367f857670542a992d42af91d173) Importer(815301076,1909f56bfc062723c751e8b465ee728b)
Start importing Assets/FBX/ahri.blend using Guid(03a4367f857670542a992d42af91d173) Importer(815301076,1909f56bfc062723c751e8b465ee728b)  -> (artifact id: '23677314cc8793fdbc835e64dc00ecd2') in 0.041020 seconds 
  Import took 0.044320 seconds .

========================================================================
Received Import Request.
  Time since last request: 0.001173 seconds.
  path: Assets/FBX/ahri.blend
  artifactKey: Guid(03a4367f857670542a992d42af91d173) Importer(815301076,1909f56bfc062723c751e8b465ee728b)
Start importing Assets/FBX/ahri.blend using Guid(03a4367f857670542a992d42af91d173) Importer(815301076,1909f56bfc062723c751e8b465ee728b)  -> (artifact id: '23677314cc8793fdbc835e64dc00ecd2') in 0.027848 seconds 
  Import took 0.030908 seconds .

========================================================================
Received Import Request.
  Time since last request: 9.419946 seconds.
  path: Assets/FBX/ahri.blend
  artifactKey: Guid(03a4367f857670542a992d42af91d173) Importer(815301076,1909f56bfc062723c751e8b465ee728b)
Start importing Assets/FBX/ahri.blend using Guid(03a4367f857670542a992d42af91d173) Importer(815301076,1909f56bfc062723c751e8b465ee728b)  -> (artifact id: '12d51434667ddfcc909728f4f3c9ab8c') in 0.026871 seconds 
  Import took 0.030200 seconds .

========================================================================
Received Prepare
Registering precompiled user dll's ...
Registered in 0.003634 seconds.
Begin MonoManager ReloadAssembly
Native extension for WindowsStandalone target not found
Refreshing native plugins compatible for Editor in 0.37 ms, found 2 plugins.
Preloading 0 native plugins for Editor in 0.00 ms.
Mono: successfully reloaded assembly
- Completed reload, in  1.008 seconds
Domain Reload Profiling:
	ReloadAssembly (1008ms)
		BeginReloadAssembly (157ms)
			ExecutionOrderSort (0ms)
			DisableScriptedObjects (8ms)
			BackupInstance (0ms)
			ReleaseScriptingObjects (0ms)
			CreateAndSetChildDomain (74ms)
		EndReloadAssembly (793ms)
			LoadAssemblies (78ms)
			RebuildTransferFunctionScriptingTraits (0ms)
			SetupTypeCache (234ms)
			ReleaseScriptCaches (1ms)
			RebuildScriptCaches (42ms)
			SetupLoadedEditorAssemblies (348ms)
				LogAssemblyErrors (0ms)
				InitializePlatformSupportModulesInManaged (5ms)
				SetLoadedEditorAssemblies (0ms)
				RefreshPlugins (0ms)
				BeforeProcessingInitializeOnLoad (87ms)
				ProcessInitializeOnLoadAttributes (246ms)
				ProcessInitializeOnLoadMethodAttributes (3ms)
				AfterProcessingInitializeOnLoad (6ms)
				EditorAssembliesLoaded (0ms)
			ExecutionOrderSort2 (0ms)
			AwakeInstancesAfterBackupRestoration (5ms)
Platform modules already initialized, skipping
Refreshing native plugins compatible for Editor in 0.42 ms, found 2 plugins.
Preloading 0 native plugins for Editor in 0.00 ms.
Unloading 1391 Unused Serialized files (Serialized files now loaded: 0)
System memory in use before: 82.4 MB.
System memory in use after: 82.5 MB.

Unloading 13 unused Assets to reduce memory usage. Loaded Objects now: 1877.
Total: 3.188500 ms (FindLiveObjects: 0.223800 ms CreateObjectMapping: 0.092200 ms MarkObjects: 2.818300 ms  DeleteObjects: 0.053000 ms)

AssetImportParameters requested are different than current active one (requested -> active):
  custom:framework-win-MediaFoundation: 216162199b28c13a410421893ffa2e32 -> 
  custom:video-decoder-ogg-theora: a1e56fd34408186e4bbccfd4996cb3dc -> 
  custom:container-muxer-webm: aa71ff27fc2769a1b78a27578f13a17b -> 
  custom:container-demuxer-webm: 4f35f7cbe854078d1ac9338744f61a02 -> 
  custom:container-demuxer-ogg: 62fdf1f143b41e24485cea50d1cbac27 -> 
  custom:video-encoder-webm-vp8: eb34c28f22e8b96e1ab97ce403110664 -> 
  custom:video-decoder-webm-vp8: 9c59270c3fd7afecdb556c50c9e8de78 -> 
  custom:audio-decoder-ogg-vorbis: bf7c407c2cedff20999df2af8eb42d56 -> 
  custom:audio-encoder-webm-vorbis: bf7c407c2cedff20999df2af8eb42d56 -> 
========================================================================
Received Import Request.
  Time since last request: 32.684242 seconds.
  path: Assets/FBX/ahri.blend
  artifactKey: Guid(03a4367f857670542a992d42af91d173) Importer(815301076,1909f56bfc062723c751e8b465ee728b)
Start importing Assets/FBX/ahri.blend using Guid(03a4367f857670542a992d42af91d173) Importer(815301076,1909f56bfc062723c751e8b465ee728b)  -> (artifact id: '8a2dd2420530348797003ae883bd57ec') in 0.097848 seconds 
  Import took 0.100800 seconds .

========================================================================
Received Prepare
Registering precompiled user dll's ...
Registered in 0.003219 seconds.
Begin MonoManager ReloadAssembly
Native extension for WindowsStandalone target not found
Refreshing native plugins compatible for Editor in 0.37 ms, found 2 plugins.
Preloading 0 native plugins for Editor in 0.00 ms.
Mono: successfully reloaded assembly
- Completed reload, in  0.898 seconds
Domain Reload Profiling:
	ReloadAssembly (898ms)
		BeginReloadAssembly (103ms)
			ExecutionOrderSort (0ms)
			DisableScriptedObjects (4ms)
			BackupInstance (0ms)
			ReleaseScriptingObjects (0ms)
			CreateAndSetChildDomain (33ms)
		EndReloadAssembly (738ms)
			LoadAssemblies (69ms)
			RebuildTransferFunctionScriptingTraits (0ms)
			SetupTypeCache (219ms)
			ReleaseScriptCaches (1ms)
			RebuildScriptCaches (42ms)
			SetupLoadedEditorAssemblies (326ms)
				LogAssemblyErrors (0ms)
				InitializePlatformSupportModulesInManaged (5ms)
				SetLoadedEditorAssemblies (0ms)
				RefreshPlugins (0ms)
				BeforeProcessingInitializeOnLoad (77ms)
				ProcessInitializeOnLoadAttributes (234ms)
				ProcessInitializeOnLoadMethodAttributes (3ms)
				AfterProcessingInitializeOnLoad (6ms)
				EditorAssembliesLoaded (0ms)
			ExecutionOrderSort2 (0ms)
			AwakeInstancesAfterBackupRestoration (6ms)
Platform modules already initialized, skipping
Refreshing native plugins compatible for Editor in 0.46 ms, found 2 plugins.
Preloading 0 native plugins for Editor in 0.00 ms.
Unloading 1391 Unused Serialized files (Serialized files now loaded: 0)
System memory in use before: 82.4 MB.
System memory in use after: 82.5 MB.

Unloading 13 unused Assets to reduce memory usage. Loaded Objects now: 1880.
Total: 3.366000 ms (FindLiveObjects: 0.279400 ms CreateObjectMapping: 0.048900 ms MarkObjects: 3.016100 ms  DeleteObjects: 0.020300 ms)

AssetImportParameters requested are different than current active one (requested -> active):
  custom:framework-win-MediaFoundation: 216162199b28c13a410421893ffa2e32 -> 
  custom:video-decoder-ogg-theora: a1e56fd34408186e4bbccfd4996cb3dc -> 
  custom:container-muxer-webm: aa71ff27fc2769a1b78a27578f13a17b -> 
  custom:container-demuxer-webm: 4f35f7cbe854078d1ac9338744f61a02 -> 
  custom:container-demuxer-ogg: 62fdf1f143b41e24485cea50d1cbac27 -> 
  custom:video-encoder-webm-vp8: eb34c28f22e8b96e1ab97ce403110664 -> 
  custom:video-decoder-webm-vp8: 9c59270c3fd7afecdb556c50c9e8de78 -> 
  custom:audio-decoder-ogg-vorbis: bf7c407c2cedff20999df2af8eb42d56 -> 
  custom:audio-encoder-webm-vorbis: bf7c407c2cedff20999df2af8eb42d56 -> 
========================================================================
Received Import Request.
  Time since last request: 129.724089 seconds.
  path: Assets/FBX/AController1.controller
  artifactKey: Guid(f9cf315523f007746884920f18a26667) Importer(815301076,1909f56bfc062723c751e8b465ee728b)
Start importing Assets/FBX/AController1.controller using Guid(f9cf315523f007746884920f18a26667) Importer(815301076,1909f56bfc062723c751e8b465ee728b)  -> (artifact id: '49ac664b5bbb953ec30cbcf5f6ec3882') in 0.019969 seconds 
  Import took 0.024142 seconds .

========================================================================
Received Prepare
Registering precompiled user dll's ...
Registered in 0.004037 seconds.
Begin MonoManager ReloadAssembly
Native extension for WindowsStandalone target not found
Refreshing native plugins compatible for Editor in 0.39 ms, found 2 plugins.
Preloading 0 native plugins for Editor in 0.00 ms.
Mono: successfully reloaded assembly
- Completed reload, in  0.978 seconds
Domain Reload Profiling:
	ReloadAssembly (978ms)
		BeginReloadAssembly (114ms)
			ExecutionOrderSort (0ms)
			DisableScriptedObjects (4ms)
			BackupInstance (0ms)
			ReleaseScriptingObjects (0ms)
			CreateAndSetChildDomain (41ms)
		EndReloadAssembly (798ms)
			LoadAssemblies (84ms)
			RebuildTransferFunctionScriptingTraits (0ms)
			SetupTypeCache (255ms)
			ReleaseScriptCaches (1ms)
			RebuildScriptCaches (42ms)
			SetupLoadedEditorAssemblies (338ms)
				LogAssemblyErrors (0ms)
				InitializePlatformSupportModulesInManaged (5ms)
				SetLoadedEditorAssemblies (0ms)
				RefreshPlugins (0ms)
				BeforeProcessingInitializeOnLoad (76ms)
				ProcessInitializeOnLoadAttributes (246ms)
				ProcessInitializeOnLoadMethodAttributes (3ms)
				AfterProcessingInitializeOnLoad (6ms)
				EditorAssembliesLoaded (0ms)
			ExecutionOrderSort2 (0ms)
			AwakeInstancesAfterBackupRestoration (6ms)
Platform modules already initialized, skipping
Refreshing native plugins compatible for Editor in 0.41 ms, found 2 plugins.
Preloading 0 native plugins for Editor in 0.00 ms.
Unloading 1391 Unused Serialized files (Serialized files now loaded: 0)
System memory in use before: 82.4 MB.
System memory in use after: 82.5 MB.

Unloading 13 unused Assets to reduce memory usage. Loaded Objects now: 1882.
Total: 2.982500 ms (FindLiveObjects: 0.202400 ms CreateObjectMapping: 0.039000 ms MarkObjects: 2.719900 ms  DeleteObjects: 0.020000 ms)

AssetImportParameters requested are different than current active one (requested -> active):
  custom:framework-win-MediaFoundation: 216162199b28c13a410421893ffa2e32 -> 
  custom:video-decoder-ogg-theora: a1e56fd34408186e4bbccfd4996cb3dc -> 
  custom:container-muxer-webm: aa71ff27fc2769a1b78a27578f13a17b -> 
  custom:container-demuxer-webm: 4f35f7cbe854078d1ac9338744f61a02 -> 
  custom:container-demuxer-ogg: 62fdf1f143b41e24485cea50d1cbac27 -> 
  custom:video-encoder-webm-vp8: eb34c28f22e8b96e1ab97ce403110664 -> 
  custom:video-decoder-webm-vp8: 9c59270c3fd7afecdb556c50c9e8de78 -> 
  custom:audio-decoder-ogg-vorbis: bf7c407c2cedff20999df2af8eb42d56 -> 
  custom:audio-encoder-webm-vorbis: bf7c407c2cedff20999df2af8eb42d56 -> 
========================================================================
Received Import Request.
  Time since last request: 77.184314 seconds.
  path: Assets/FBX/ahri.blend
  artifactKey: Guid(03a4367f857670542a992d42af91d173) Importer(815301076,1909f56bfc062723c751e8b465ee728b)
Start importing Assets/FBX/ahri.blend using Guid(03a4367f857670542a992d42af91d173) Importer(815301076,1909f56bfc062723c751e8b465ee728b)  -> (artifact id: '8346b8ed0f24bd574f9db69a31d32908') in 0.085224 seconds 
  Import took 0.088874 seconds .

========================================================================
Received Prepare
Registering precompiled user dll's ...
Registered in 0.003452 seconds.
Begin MonoManager ReloadAssembly
Native extension for WindowsStandalone target not found
Refreshing native plugins compatible for Editor in 0.43 ms, found 2 plugins.
Preloading 0 native plugins for Editor in 0.00 ms.
Mono: successfully reloaded assembly
- Completed reload, in  1.019 seconds
Domain Reload Profiling:
	ReloadAssembly (1020ms)
		BeginReloadAssembly (101ms)
			ExecutionOrderSort (0ms)
			DisableScriptedObjects (5ms)
			BackupInstance (0ms)
			ReleaseScriptingObjects (0ms)
			CreateAndSetChildDomain (34ms)
		EndReloadAssembly (857ms)
			LoadAssemblies (72ms)
			RebuildTransferFunctionScriptingTraits (0ms)
			SetupTypeCache (236ms)
			ReleaseScriptCaches (1ms)
			RebuildScriptCaches (47ms)
			SetupLoadedEditorAssemblies (401ms)
				LogAssemblyErrors (0ms)
				InitializePlatformSupportModulesInManaged (5ms)
				SetLoadedEditorAssemblies (0ms)
				RefreshPlugins (0ms)
				BeforeProcessingInitializeOnLoad (92ms)
				ProcessInitializeOnLoadAttributes (289ms)
				ProcessInitializeOnLoadMethodAttributes (5ms)
				AfterProcessingInitializeOnLoad (8ms)
				EditorAssembliesLoaded (0ms)
			ExecutionOrderSort2 (0ms)
			AwakeInstancesAfterBackupRestoration (9ms)
Platform modules already initialized, skipping
Refreshing native plugins compatible for Editor in 0.59 ms, found 2 plugins.
Preloading 0 native plugins for Editor in 0.00 ms.
Unloading 1391 Unused Serialized files (Serialized files now loaded: 0)
System memory in use before: 82.4 MB.
System memory in use after: 82.5 MB.

Unloading 13 unused Assets to reduce memory usage. Loaded Objects now: 1885.
Total: 3.200100 ms (FindLiveObjects: 0.295000 ms CreateObjectMapping: 0.048200 ms MarkObjects: 2.836400 ms  DeleteObjects: 0.019000 ms)

AssetImportParameters requested are different than current active one (requested -> active):
  custom:framework-win-MediaFoundation: 216162199b28c13a410421893ffa2e32 -> 
  custom:video-decoder-ogg-theora: a1e56fd34408186e4bbccfd4996cb3dc -> 
  custom:container-muxer-webm: aa71ff27fc2769a1b78a27578f13a17b -> 
  custom:container-demuxer-webm: 4f35f7cbe854078d1ac9338744f61a02 -> 
  custom:container-demuxer-ogg: 62fdf1f143b41e24485cea50d1cbac27 -> 
  custom:video-encoder-webm-vp8: eb34c28f22e8b96e1ab97ce403110664 -> 
  custom:video-decoder-webm-vp8: 9c59270c3fd7afecdb556c50c9e8de78 -> 
  custom:audio-decoder-ogg-vorbis: bf7c407c2cedff20999df2af8eb42d56 -> 
  custom:audio-encoder-webm-vorbis: bf7c407c2cedff20999df2af8eb42d56 -> 
========================================================================
Received Import Request.
  Time since last request: 62.874797 seconds.
  path: Assets/FBX/ahri.blend
  artifactKey: Guid(03a4367f857670542a992d42af91d173) Importer(815301076,1909f56bfc062723c751e8b465ee728b)
Start importing Assets/FBX/ahri.blend using Guid(03a4367f857670542a992d42af91d173) Importer(815301076,1909f56bfc062723c751e8b465ee728b)  -> (artifact id: '2a8e83cace0b1b6eb720bc489cecccf4') in 0.090222 seconds 
  Import took 0.094071 seconds .

AssetImportWorkerClient::OnTransportError - code=2 error=End of file
